# JRE version: OpenJDK Runtime Environment Temurin-17.0.13+11 (17.0.13+11) (build 17.0.13+11)
# Java VM: OpenJDK 64-Bit Server VM Temurin-17.0.13+11 (17.0.13+11, mixed mode, tiered, compressed oops, compressed class ptrs, parallel gc, windows-amd64)
GC Precious Log:
 CPUs: 12 total, 12 available
 Memory: 7532M
 Large Page Support: Disabled
 NUMA Support: Disabled
 Compressed Oops: Enabled (32-bit)
 Alignments: Space 512K, Generation 512K, Heap 2M
 Heap Min Capacity: 100M
 Heap Initial Capacity: 100M
 Heap Max Capacity: 1G
 Pre-touch: Disabled
 Parallel Workers: 10
Heap:
 PSYoungGen      total 6656K, used 6632K [0x00000000eab00000, 0x00000000eb300000, 0x0000000100000000)
  eden space 6144K, 100% used [0x00000000eab00000,0x00000000eb100000,0x00000000eb100000)
  from space 512K, 95% used [0x00000000eb100000,0x00000000eb17a188,0x00000000eb180000)
  to   space 1024K, 0% used [0x00000000eb200000,0x00000000eb200000,0x00000000eb300000)
 ParOldGen       total 114176K, used 105946K [0x00000000c0000000, 0x00000000c6f80000, 0x00000000eab00000)
  object space 114176K, 92% used [0x00000000c0000000,0x00000000c6776960,0x00000000c6f80000)
 Metaspace       used 65370K, committed 66368K, reserved 1114112K
  class space    used 6986K, committed 7360K, reserved 1048576K
GC Heap History (20 events):
Event: 7.917 GC heap before
{Heap before GC invocations=62 (full 4):
 PSYoungGen      total 7680K, used 7466K [0x00000000eab00000, 0x00000000eb500000, 0x0000000100000000)
  eden space 6144K, 99% used [0x00000000eab00000,0x00000000eb0fed28,0x00000000eb100000)
  from space 1536K, 86% used [0x00000000eb100000,0x00000000eb24bda0,0x00000000eb280000)
  to   space 2048K, 0% used [0x00000000eb300000,0x00000000eb300000,0x00000000eb500000)
 ParOldGen       total 114176K, used 95112K [0x00000000c0000000, 0x00000000c6f80000, 0x00000000eab00000)
  object space 114176K, 83% used [0x00000000c0000000,0x00000000c5ce2328,0x00000000c6f80000)
 Metaspace       used 63674K, committed 64704K, reserved 1114112K
  class space    used 6760K, committed 7168K, reserved 1048576K
}
Event: 7.920 GC heap after
{Heap after GC invocations=62 (full 4):
 PSYoungGen      total 7680K, used 1223K [0x00000000eab00000, 0x00000000eb480000, 0x0000000100000000)
  eden space 6144K, 0% used [0x00000000eab00000,0x00000000eab00000,0x00000000eb100000)
  from space 1536K, 79% used [0x00000000eb300000,0x00000000eb431fa0,0x00000000eb480000)
  to   space 1536K, 0% used [0x00000000eb100000,0x00000000eb100000,0x00000000eb280000)
 ParOldGen       total 114176K, used 96298K [0x00000000c0000000, 0x00000000c6f80000, 0x00000000eab00000)
  object space 114176K, 84% used [0x00000000c0000000,0x00000000c5e0a978,0x00000000c6f80000)
 Metaspace       used 63674K, committed 64704K, reserved 1114112K
  class space    used 6760K, committed 7168K, reserved 1048576K
}
Event: 7.949 GC heap before
{Heap before GC invocations=63 (full 4):
 PSYoungGen      total 7680K, used 7367K [0x00000000eab00000, 0x00000000eb480000, 0x0000000100000000)
  eden space 6144K, 100% used [0x00000000eab00000,0x00000000eb100000,0x00000000eb100000)
  from space 1536K, 79% used [0x00000000eb300000,0x00000000eb431fa0,0x00000000eb480000)
  to   space 1536K, 0% used [0x00000000eb100000,0x00000000eb100000,0x00000000eb280000)
 ParOldGen       total 114176K, used 96298K [0x00000000c0000000, 0x00000000c6f80000, 0x00000000eab00000)
  object space 114176K, 84% used [0x00000000c0000000,0x00000000c5e0a978,0x00000000c6f80000)
 Metaspace       used 64282K, committed 65344K, reserved 1114112K
  class space    used 6823K, committed 7232K, reserved 1048576K
}
Event: 7.951 GC heap after
{Heap after GC invocations=63 (full 4):
 PSYoungGen      total 7680K, used 956K [0x00000000eab00000, 0x00000000eb400000, 0x0000000100000000)
  eden space 6144K, 0% used [0x00000000eab00000,0x00000000eab00000,0x00000000eb100000)
  from space 1536K, 62% used [0x00000000eb100000,0x00000000eb1ef1f8,0x00000000eb280000)
  to   space 1536K, 0% used [0x00000000eb280000,0x00000000eb280000,0x00000000eb400000)
 ParOldGen       total 114176K, used 97352K [0x00000000c0000000, 0x00000000c6f80000, 0x00000000eab00000)
  object space 114176K, 85% used [0x00000000c0000000,0x00000000c5f12398,0x00000000c6f80000)
 Metaspace       used 64282K, committed 65344K, reserved 1114112K
  class space    used 6823K, committed 7232K, reserved 1048576K
}
Event: 7.988 GC heap before
{Heap before GC invocations=64 (full 4):
 PSYoungGen      total 7680K, used 7100K [0x00000000eab00000, 0x00000000eb400000, 0x0000000100000000)
  eden space 6144K, 100% used [0x00000000eab00000,0x00000000eb100000,0x00000000eb100000)
  from space 1536K, 62% used [0x00000000eb100000,0x00000000eb1ef1f8,0x00000000eb280000)
  to   space 1536K, 0% used [0x00000000eb280000,0x00000000eb280000,0x00000000eb400000)
 ParOldGen       total 114176K, used 97352K [0x00000000c0000000, 0x00000000c6f80000, 0x00000000eab00000)
  object space 114176K, 85% used [0x00000000c0000000,0x00000000c5f12398,0x00000000c6f80000)
 Metaspace       used 64494K, committed 65600K, reserved 1114112K
  class space    used 6855K, committed 7296K, reserved 1048576K
}
Event: 7.991 GC heap after
{Heap after GC invocations=64 (full 4):
 PSYoungGen      total 7680K, used 1144K [0x00000000eab00000, 0x00000000eb400000, 0x0000000100000000)
  eden space 6144K, 0% used [0x00000000eab00000,0x00000000eab00000,0x00000000eb100000)
  from space 1536K, 74% used [0x00000000eb280000,0x00000000eb39e138,0x00000000eb400000)
  to   space 1536K, 0% used [0x00000000eb100000,0x00000000eb100000,0x00000000eb280000)
 ParOldGen       total 114176K, used 98144K [0x00000000c0000000, 0x00000000c6f80000, 0x00000000eab00000)
  object space 114176K, 85% used [0x00000000c0000000,0x00000000c5fd81c0,0x00000000c6f80000)
 Metaspace       used 64494K, committed 65600K, reserved 1114112K
  class space    used 6855K, committed 7296K, reserved 1048576K
}
Event: 8.020 GC heap before
{Heap before GC invocations=65 (full 4):
 PSYoungGen      total 7680K, used 7288K [0x00000000eab00000, 0x00000000eb400000, 0x0000000100000000)
  eden space 6144K, 100% used [0x00000000eab00000,0x00000000eb100000,0x00000000eb100000)
  from space 1536K, 74% used [0x00000000eb280000,0x00000000eb39e138,0x00000000eb400000)
  to   space 1536K, 0% used [0x00000000eb100000,0x00000000eb100000,0x00000000eb280000)
 ParOldGen       total 114176K, used 98144K [0x00000000c0000000, 0x00000000c6f80000, 0x00000000eab00000)
  object space 114176K, 85% used [0x00000000c0000000,0x00000000c5fd81c0,0x00000000c6f80000)
 Metaspace       used 64636K, committed 65664K, reserved 1114112K
  class space    used 6874K, committed 7296K, reserved 1048576K
}
Event: 8.021 GC heap after
{Heap after GC invocations=65 (full 4):
 PSYoungGen      total 7680K, used 1108K [0x00000000eab00000, 0x00000000eb400000, 0x0000000100000000)
  eden space 6144K, 0% used [0x00000000eab00000,0x00000000eab00000,0x00000000eb100000)
  from space 1536K, 72% used [0x00000000eb100000,0x00000000eb2153d8,0x00000000eb280000)
  to   space 1536K, 0% used [0x00000000eb280000,0x00000000eb280000,0x00000000eb400000)
 ParOldGen       total 114176K, used 99081K [0x00000000c0000000, 0x00000000c6f80000, 0x00000000eab00000)
  object space 114176K, 86% used [0x00000000c0000000,0x00000000c60c25b8,0x00000000c6f80000)
 Metaspace       used 64636K, committed 65664K, reserved 1114112K
  class space    used 6874K, committed 7296K, reserved 1048576K
}
Event: 8.038 GC heap before
{Heap before GC invocations=66 (full 4):
 PSYoungGen      total 7680K, used 7252K [0x00000000eab00000, 0x00000000eb400000, 0x0000000100000000)
  eden space 6144K, 100% used [0x00000000eab00000,0x00000000eb100000,0x00000000eb100000)
  from space 1536K, 72% used [0x00000000eb100000,0x00000000eb2153d8,0x00000000eb280000)
  to   space 1536K, 0% used [0x00000000eb280000,0x00000000eb280000,0x00000000eb400000)
 ParOldGen       total 114176K, used 99081K [0x00000000c0000000, 0x00000000c6f80000, 0x00000000eab00000)
  object space 114176K, 86% used [0x00000000c0000000,0x00000000c60c25b8,0x00000000c6f80000)
 Metaspace       used 64641K, committed 65664K, reserved 1114112K
  class space    used 6874K, committed 7296K, reserved 1048576K
}
Event: 8.040 GC heap after
{Heap after GC invocations=66 (full 4):
 PSYoungGen      total 7680K, used 1017K [0x00000000eab00000, 0x00000000eb400000, 0x0000000100000000)
  eden space 6144K, 0% used [0x00000000eab00000,0x00000000eab00000,0x00000000eb100000)
  from space 1536K, 66% used [0x00000000eb280000,0x00000000eb37e728,0x00000000eb400000)
  to   space 1536K, 0% used [0x00000000eb100000,0x00000000eb100000,0x00000000eb280000)
 ParOldGen       total 114176K, used 100029K [0x00000000c0000000, 0x00000000c6f80000, 0x00000000eab00000)
  object space 114176K, 87% used [0x00000000c0000000,0x00000000c61af620,0x00000000c6f80000)
 Metaspace       used 64641K, committed 65664K, reserved 1114112K
  class space    used 6874K, committed 7296K, reserved 1048576K
}
Event: 8.058 GC heap before
{Heap before GC invocations=67 (full 4):
 PSYoungGen      total 7680K, used 7161K [0x00000000eab00000, 0x00000000eb400000, 0x0000000100000000)
  eden space 6144K, 99% used [0x00000000eab00000,0x00000000eb0fffc8,0x00000000eb100000)
  from space 1536K, 66% used [0x00000000eb280000,0x00000000eb37e728,0x00000000eb400000)
  to   space 1536K, 0% used [0x00000000eb100000,0x00000000eb100000,0x00000000eb280000)
 ParOldGen       total 114176K, used 100029K [0x00000000c0000000, 0x00000000c6f80000, 0x00000000eab00000)
  object space 114176K, 87% used [0x00000000c0000000,0x00000000c61af620,0x00000000c6f80000)
 Metaspace       used 64642K, committed 65664K, reserved 1114112K
  class space    used 6874K, committed 7296K, reserved 1048576K
}
Event: 8.063 GC heap after
{Heap after GC invocations=67 (full 4):
 PSYoungGen      total 7680K, used 1264K [0x00000000eab00000, 0x00000000eb400000, 0x0000000100000000)
  eden space 6144K, 0% used [0x00000000eab00000,0x00000000eab00000,0x00000000eb100000)
  from space 1536K, 82% used [0x00000000eb100000,0x00000000eb23c038,0x00000000eb280000)
  to   space 1536K, 0% used [0x00000000eb280000,0x00000000eb280000,0x00000000eb400000)
 ParOldGen       total 114176K, used 100882K [0x00000000c0000000, 0x00000000c6f80000, 0x00000000eab00000)
  object space 114176K, 88% used [0x00000000c0000000,0x00000000c6284920,0x00000000c6f80000)
 Metaspace       used 64642K, committed 65664K, reserved 1114112K
  class space    used 6874K, committed 7296K, reserved 1048576K
}
Event: 8.087 GC heap before
{Heap before GC invocations=68 (full 4):
 PSYoungGen      total 7680K, used 7408K [0x00000000eab00000, 0x00000000eb400000, 0x0000000100000000)
  eden space 6144K, 100% used [0x00000000eab00000,0x00000000eb100000,0x00000000eb100000)
  from space 1536K, 82% used [0x00000000eb100000,0x00000000eb23c038,0x00000000eb280000)
  to   space 1536K, 0% used [0x00000000eb280000,0x00000000eb280000,0x00000000eb400000)
 ParOldGen       total 114176K, used 100882K [0x00000000c0000000, 0x00000000c6f80000, 0x00000000eab00000)
  object space 114176K, 88% used [0x00000000c0000000,0x00000000c6284920,0x00000000c6f80000)
 Metaspace       used 64718K, committed 65728K, reserved 1114112K
  class space    used 6882K, committed 7296K, reserved 1048576K
}
Event: 8.091 GC heap after
{Heap after GC invocations=68 (full 4):
 PSYoungGen      total 7680K, used 1189K [0x00000000eab00000, 0x00000000eb400000, 0x0000000100000000)
  eden space 6144K, 0% used [0x00000000eab00000,0x00000000eab00000,0x00000000eb100000)
  from space 1536K, 77% used [0x00000000eb280000,0x00000000eb3a9648,0x00000000eb400000)
  to   space 1536K, 0% used [0x00000000eb100000,0x00000000eb100000,0x00000000eb280000)
 ParOldGen       total 114176K, used 102041K [0x00000000c0000000, 0x00000000c6f80000, 0x00000000eab00000)
  object space 114176K, 89% used [0x00000000c0000000,0x00000000c63a64d0,0x00000000c6f80000)
 Metaspace       used 64718K, committed 65728K, reserved 1114112K
  class space    used 6882K, committed 7296K, reserved 1048576K
}
Event: 8.110 GC heap before
{Heap before GC invocations=69 (full 4):
 PSYoungGen      total 7680K, used 7333K [0x00000000eab00000, 0x00000000eb400000, 0x0000000100000000)
  eden space 6144K, 100% used [0x00000000eab00000,0x00000000eb100000,0x00000000eb100000)
  from space 1536K, 77% used [0x00000000eb280000,0x00000000eb3a9648,0x00000000eb400000)
  to   space 1536K, 0% used [0x00000000eb100000,0x00000000eb100000,0x00000000eb280000)
 ParOldGen       total 114176K, used 102041K [0x00000000c0000000, 0x00000000c6f80000, 0x00000000eab00000)
  object space 114176K, 89% used [0x00000000c0000000,0x00000000c63a64d0,0x00000000c6f80000)
 Metaspace       used 64734K, committed 65792K, reserved 1114112K
  class space    used 6885K, committed 7296K, reserved 1048576K
}
Event: 8.114 GC heap after
{Heap after GC invocations=69 (full 4):
 PSYoungGen      total 6656K, used 448K [0x00000000eab00000, 0x00000000eb300000, 0x0000000100000000)
  eden space 6144K, 0% used [0x00000000eab00000,0x00000000eab00000,0x00000000eb100000)
  from space 512K, 87% used [0x00000000eb100000,0x00000000eb170000,0x00000000eb180000)
  to   space 1024K, 0% used [0x00000000eb200000,0x00000000eb200000,0x00000000eb300000)
 ParOldGen       total 114176K, used 104841K [0x00000000c0000000, 0x00000000c6f80000, 0x00000000eab00000)
  object space 114176K, 91% used [0x00000000c0000000,0x00000000c66624a0,0x00000000c6f80000)
 Metaspace       used 64734K, committed 65792K, reserved 1114112K
  class space    used 6885K, committed 7296K, reserved 1048576K
}
Event: 8.143 GC heap before
{Heap before GC invocations=70 (full 4):
 PSYoungGen      total 6656K, used 6592K [0x00000000eab00000, 0x00000000eb300000, 0x0000000100000000)
  eden space 6144K, 100% used [0x00000000eab00000,0x00000000eb100000,0x00000000eb100000)
  from space 512K, 87% used [0x00000000eb100000,0x00000000eb170000,0x00000000eb180000)
  to   space 1024K, 0% used [0x00000000eb200000,0x00000000eb200000,0x00000000eb300000)
 ParOldGen       total 114176K, used 104841K [0x00000000c0000000, 0x00000000c6f80000, 0x00000000eab00000)
  object space 114176K, 91% used [0x00000000c0000000,0x00000000c66624a0,0x00000000c6f80000)
 Metaspace       used 64815K, committed 65856K, reserved 1114112K
  class space    used 6896K, committed 7296K, reserved 1048576K
}
Event: 8.146 GC heap after
{Heap after GC invocations=70 (full 4):
 PSYoungGen      total 7168K, used 1006K [0x00000000eab00000, 0x00000000eb300000, 0x0000000100000000)
  eden space 6144K, 0% used [0x00000000eab00000,0x00000000eab00000,0x00000000eb100000)
  from space 1024K, 98% used [0x00000000eb200000,0x00000000eb2fb9b8,0x00000000eb300000)
  to   space 512K, 0% used [0x00000000eb100000,0x00000000eb100000,0x00000000eb180000)
 ParOldGen       total 114176K, used 105196K [0x00000000c0000000, 0x00000000c6f80000, 0x00000000eab00000)
  object space 114176K, 92% used [0x00000000c0000000,0x00000000c66bb270,0x00000000c6f80000)
 Metaspace       used 64815K, committed 65856K, reserved 1114112K
  class space    used 6896K, committed 7296K, reserved 1048576K
}
Event: 8.165 GC heap before
{Heap before GC invocations=71 (full 4):
 PSYoungGen      total 7168K, used 7150K [0x00000000eab00000, 0x00000000eb300000, 0x0000000100000000)
  eden space 6144K, 100% used [0x00000000eab00000,0x00000000eb100000,0x00000000eb100000)
  from space 1024K, 98% used [0x00000000eb200000,0x00000000eb2fb9b8,0x00000000eb300000)
  to   space 512K, 0% used [0x00000000eb100000,0x00000000eb100000,0x00000000eb180000)
 ParOldGen       total 114176K, used 105196K [0x00000000c0000000, 0x00000000c6f80000, 0x00000000eab00000)
  object space 114176K, 92% used [0x00000000c0000000,0x00000000c66bb270,0x00000000c6f80000)
 Metaspace       used 65103K, committed 66112K, reserved 1114112K
  class space    used 6941K, committed 7360K, reserved 1048576K
}
Event: 8.167 GC heap after
{Heap after GC invocations=71 (full 4):
 PSYoungGen      total 6656K, used 488K [0x00000000eab00000, 0x00000000eb300000, 0x0000000100000000)
  eden space 6144K, 0% used [0x00000000eab00000,0x00000000eab00000,0x00000000eb100000)
  from space 512K, 95% used [0x00000000eb100000,0x00000000eb17a188,0x00000000eb180000)
  to   space 1024K, 0% used [0x00000000eb200000,0x00000000eb200000,0x00000000eb300000)
 ParOldGen       total 114176K, used 105946K [0x00000000c0000000, 0x00000000c6f80000, 0x00000000eab00000)
  object space 114176K, 92% used [0x00000000c0000000,0x00000000c6776960,0x00000000c6f80000)
 Metaspace       used 65103K, committed 66112K, reserved 1114112K
  class space    used 6941K, committed 7360K, reserved 1048576K
}

